<?xml version="1.0" encoding="UTF-8"?>
<!-- Generated by org.testng.reporters.JUnitReportReporter -->
<testsuite hostname="LAPTOP-E2KT3BQR" failures="0" tests="1" name="Testing_ObsqDemoSite.TClassObsqDemo" time="7.217" errors="0" timestamp="2023-12-30T17:34:30 IST" skipped="0">
  <testcase classname="Testing_ObsqDemoSite.TClassObsqDemo" name="testcase01" time="7.217"/>
</testsuite> <!-- Testing_ObsqDemoSite.TClassObsqDemo -->
